objc[1443]: Class AXEmojiUtilities is implemented in both /Applications/Xcode.app/Contents/Developer/Platforms/iPhoneSimulator.platform/Developer/SDKs/iPhoneSimulator7.1.sdk/System/Library/PrivateFrameworks/AccessibilityUtilities.framework/AccessibilityUtilities and /Applications/Xcode.app/Contents/Developer/Platforms/iPhoneSimulator.platform/Developer/SDKs/iPhoneSimulator7.1.sdk/usr/lib/libAXSpeechManager.dylib. One of the two will be used. Which one is undefined.
2014-03-24 14:15:16.117 iosSQLite[1443:70b] Cannot find executable for CFBundle 0xa3ac770 </Applications/Xcode.app/Contents/Developer/Platforms/iPhoneSimulator.platform/Developer/SDKs/iPhoneSimulator7.1.sdk/System/Library/AccessibilityBundles/CertUIFramework.axbundle> (not loaded)
2014-03-24 14:15:16.123 iosSQLite[1443:70b] Cannot find executable for CFBundle 0xa3c4b60 </Applications/Xcode.app/Contents/Developer/Platforms/iPhoneSimulator.platform/Developer/SDKs/iPhoneSimulator7.1.sdk/System/Library/AccessibilityBundles/GeoServices.axbundle> (not loaded)
2014-03-24 14:15:16.177 iosSQLite[1443:70b] Multi-tasking -> Device: YES, App: YES
2014-03-24 14:15:16.186 iosSQLite[1443:70b] Unlimited access to network resources
2014-03-24 14:15:16.190 iosSQLite[1443:70b] Fix applied for database locations?: YES
2014-03-24 14:15:16.301 iosSQLite[1443:70b] Resetting plugins due to page load.
2014-03-24 14:15:16.441 iosSQLite[1443:70b] Finished load of: file:///Users/HeyImNathan/Library/Application%20Support/iPhone%20Simulator/7.1/Applications/93C64995-E503-464D-A5D4-763A5A035078/iosSQLite.app/www/index.html
objc[2511]: Class AXEmojiUtilities is implemented in both /Applications/Xcode.app/Contents/Developer/Platforms/iPhoneSimulator.platform/Developer/SDKs/iPhoneSimulator7.1.sdk/System/Library/PrivateFrameworks/AccessibilityUtilities.framework/AccessibilityUtilities and /Applications/Xcode.app/Contents/Developer/Platforms/iPhoneSimulator.platform/Developer/SDKs/iPhoneSimulator7.1.sdk/usr/lib/libAXSpeechManager.dylib. One of the two will be used. Which one is undefined.
2014-03-24 14:51:00.333 iosSQLite[2511:70b] Cannot find executable for CFBundle 0xad4f7d0 </Applications/Xcode.app/Contents/Developer/Platforms/iPhoneSimulator.platform/Developer/SDKs/iPhoneSimulator7.1.sdk/System/Library/AccessibilityBundles/CertUIFramework.axbundle> (not loaded)
2014-03-24 14:51:00.338 iosSQLite[2511:70b] Cannot find executable for CFBundle 0xad680b0 </Applications/Xcode.app/Contents/Developer/Platforms/iPhoneSimulator.platform/Developer/SDKs/iPhoneSimulator7.1.sdk/System/Library/AccessibilityBundles/GeoServices.axbundle> (not loaded)
2014-03-24 14:51:00.395 iosSQLite[2511:70b] Multi-tasking -> Device: YES, App: YES
2014-03-24 14:51:00.401 iosSQLite[2511:70b] Unlimited access to network resources
2014-03-24 14:51:00.511 iosSQLite[2511:70b] Resetting plugins due to page load.
2014-03-24 14:51:00.661 iosSQLite[2511:70b] Finished load of: file:///Users/HeyImNathan/Library/Application%20Support/iPhone%20Simulator/7.1/Applications/93C64995-E503-464D-A5D4-763A5A035078/iosSQLite.app/www/index.html
objc[2710]: Class AXEmojiUtilities is implemented in both /Applications/Xcode.app/Contents/Developer/Platforms/iPhoneSimulator.platform/Developer/SDKs/iPhoneSimulator7.1.sdk/System/Library/PrivateFrameworks/AccessibilityUtilities.framework/AccessibilityUtilities and /Applications/Xcode.app/Contents/Developer/Platforms/iPhoneSimulator.platform/Developer/SDKs/iPhoneSimulator7.1.sdk/usr/lib/libAXSpeechManager.dylib. One of the two will be used. Which one is undefined.
2014-03-24 14:54:16.456 iosSQLite[2710:70b] Cannot find executable for CFBundle 0xa571140 </Applications/Xcode.app/Contents/Developer/Platforms/iPhoneSimulator.platform/Developer/SDKs/iPhoneSimulator7.1.sdk/System/Library/AccessibilityBundles/CertUIFramework.axbundle> (not loaded)
2014-03-24 14:54:16.463 iosSQLite[2710:70b] Cannot find executable for CFBundle 0xa58a080 </Applications/Xcode.app/Contents/Developer/Platforms/iPhoneSimulator.platform/Developer/SDKs/iPhoneSimulator7.1.sdk/System/Library/AccessibilityBundles/GeoServices.axbundle> (not loaded)
2014-03-24 14:54:16.494 iosSQLite[2710:70b] Multi-tasking -> Device: YES, App: YES
2014-03-24 14:54:16.502 iosSQLite[2710:70b] Unlimited access to network resources
2014-03-24 14:54:16.604 iosSQLite[2710:70b] Resetting plugins due to page load.
2014-03-24 14:54:16.690 iosSQLite[2710:70b] Finished load of: file:///Users/HeyImNathan/Library/Application%20Support/iPhone%20Simulator/7.1/Applications/93C64995-E503-464D-A5D4-763A5A035078/iosSQLite.app/www/index.html
objc[2932]: Class AXEmojiUtilities is implemented in both /Applications/Xcode.app/Contents/Developer/Platforms/iPhoneSimulator.platform/Developer/SDKs/iPhoneSimulator7.1.sdk/System/Library/PrivateFrameworks/AccessibilityUtilities.framework/AccessibilityUtilities and /Applications/Xcode.app/Contents/Developer/Platforms/iPhoneSimulator.platform/Developer/SDKs/iPhoneSimulator7.1.sdk/usr/lib/libAXSpeechManager.dylib. One of the two will be used. Which one is undefined.
2014-03-24 14:59:44.873 iosSQLite[2932:70b] Cannot find executable for CFBundle 0xa43c680 </Applications/Xcode.app/Contents/Developer/Platforms/iPhoneSimulator.platform/Developer/SDKs/iPhoneSimulator7.1.sdk/System/Library/AccessibilityBundles/CertUIFramework.axbundle> (not loaded)
2014-03-24 14:59:44.880 iosSQLite[2932:70b] Cannot find executable for CFBundle 0xa375260 </Applications/Xcode.app/Contents/Developer/Platforms/iPhoneSimulator.platform/Developer/SDKs/iPhoneSimulator7.1.sdk/System/Library/AccessibilityBundles/GeoServices.axbundle> (not loaded)
2014-03-24 14:59:44.932 iosSQLite[2932:70b] Multi-tasking -> Device: YES, App: YES
2014-03-24 14:59:44.952 iosSQLite[2932:70b] Unlimited access to network resources
2014-03-24 14:59:45.068 iosSQLite[2932:70b] Resetting plugins due to page load.
2014-03-24 14:59:45.200 iosSQLite[2932:70b] Finished load of: file:///Users/HeyImNathan/Library/Application%20Support/iPhone%20Simulator/7.1/Applications/93C64995-E503-464D-A5D4-763A5A035078/iosSQLite.app/www/index.html
objc[4234]: Class AXEmojiUtilities is implemented in both /Applications/Xcode.app/Contents/Developer/Platforms/iPhoneSimulator.platform/Developer/SDKs/iPhoneSimulator7.1.sdk/System/Library/PrivateFrameworks/AccessibilityUtilities.framework/AccessibilityUtilities and /Applications/Xcode.app/Contents/Developer/Platforms/iPhoneSimulator.platform/Developer/SDKs/iPhoneSimulator7.1.sdk/usr/lib/libAXSpeechManager.dylib. One of the two will be used. Which one is undefined.
2014-03-24 15:39:12.568 iosSQLite[4234:70b] Cannot find executable for CFBundle 0xa868e50 </Applications/Xcode.app/Contents/Developer/Platforms/iPhoneSimulator.platform/Developer/SDKs/iPhoneSimulator7.1.sdk/System/Library/AccessibilityBundles/CertUIFramework.axbundle> (not loaded)
2014-03-24 15:39:12.573 iosSQLite[4234:70b] Cannot find executable for CFBundle 0xa884c00 </Applications/Xcode.app/Contents/Developer/Platforms/iPhoneSimulator.platform/Developer/SDKs/iPhoneSimulator7.1.sdk/System/Library/AccessibilityBundles/GeoServices.axbundle> (not loaded)
2014-03-24 15:39:12.610 iosSQLite[4234:70b] Multi-tasking -> Device: YES, App: YES
2014-03-24 15:39:12.616 iosSQLite[4234:70b] Unlimited access to network resources
2014-03-24 15:39:12.715 iosSQLite[4234:70b] Resetting plugins due to page load.
2014-03-24 15:39:12.805 iosSQLite[4234:70b] Finished load of: file:///Users/HeyImNathan/Library/Application%20Support/iPhone%20Simulator/7.1/Applications/93C64995-E503-464D-A5D4-763A5A035078/iosSQLite.app/www/index.html
objc[4658]: Class AXEmojiUtilities is implemented in both /Applications/Xcode.app/Contents/Developer/Platforms/iPhoneSimulator.platform/Developer/SDKs/iPhoneSimulator7.1.sdk/System/Library/PrivateFrameworks/AccessibilityUtilities.framework/AccessibilityUtilities and /Applications/Xcode.app/Contents/Developer/Platforms/iPhoneSimulator.platform/Developer/SDKs/iPhoneSimulator7.1.sdk/usr/lib/libAXSpeechManager.dylib. One of the two will be used. Which one is undefined.
2014-03-24 15:49:21.704 iosSQLite[4658:70b] Cannot find executable for CFBundle 0xa983c50 </Applications/Xcode.app/Contents/Developer/Platforms/iPhoneSimulator.platform/Developer/SDKs/iPhoneSimulator7.1.sdk/System/Library/AccessibilityBundles/CertUIFramework.axbundle> (not loaded)
2014-03-24 15:49:21.712 iosSQLite[4658:70b] Cannot find executable for CFBundle 0xa7a6600 </Applications/Xcode.app/Contents/Developer/Platforms/iPhoneSimulator.platform/Developer/SDKs/iPhoneSimulator7.1.sdk/System/Library/AccessibilityBundles/GeoServices.axbundle> (not loaded)
2014-03-24 15:49:21.738 iosSQLite[4658:70b] Multi-tasking -> Device: YES, App: YES
2014-03-24 15:49:21.759 iosSQLite[4658:70b] Unlimited access to network resources
2014-03-24 15:49:21.876 iosSQLite[4658:70b] Resetting plugins due to page load.
2014-03-24 15:49:22.016 iosSQLite[4658:70b] Finished load of: file:///Users/HeyImNathan/Library/Application%20Support/iPhone%20Simulator/7.1/Applications/93C64995-E503-464D-A5D4-763A5A035078/iosSQLite.app/www/index.html
objc[4953]: Class AXEmojiUtilities is implemented in both /Applications/Xcode.app/Contents/Developer/Platforms/iPhoneSimulator.platform/Developer/SDKs/iPhoneSimulator7.1.sdk/System/Library/PrivateFrameworks/AccessibilityUtilities.framework/AccessibilityUtilities and /Applications/Xcode.app/Contents/Developer/Platforms/iPhoneSimulator.platform/Developer/SDKs/iPhoneSimulator7.1.sdk/usr/lib/libAXSpeechManager.dylib. One of the two will be used. Which one is undefined.
2014-03-24 15:50:52.413 iosSQLite[4953:70b] Cannot find executable for CFBundle 0xa286370 </Applications/Xcode.app/Contents/Developer/Platforms/iPhoneSimulator.platform/Developer/SDKs/iPhoneSimulator7.1.sdk/System/Library/AccessibilityBundles/GeoServices.axbundle> (not loaded)
2014-03-24 15:50:52.421 iosSQLite[4953:70b] Cannot find executable for CFBundle 0xa86b860 </Applications/Xcode.app/Contents/Developer/Platforms/iPhoneSimulator.platform/Developer/SDKs/iPhoneSimulator7.1.sdk/System/Library/AccessibilityBundles/CertUIFramework.axbundle> (not loaded)
2014-03-24 15:50:52.448 iosSQLite[4953:70b] Multi-tasking -> Device: YES, App: YES
2014-03-24 15:50:52.453 iosSQLite[4953:70b] Unlimited access to network resources
2014-03-24 15:50:52.583 iosSQLite[4953:70b] Resetting plugins due to page load.
2014-03-24 15:50:52.685 iosSQLite[4953:70b] Finished load of: file:///Users/HeyImNathan/Library/Application%20Support/iPhone%20Simulator/7.1/Applications/93C64995-E503-464D-A5D4-763A5A035078/iosSQLite.app/www/index.html
objc[5082]: Class AXEmojiUtilities is implemented in both /Applications/Xcode.app/Contents/Developer/Platforms/iPhoneSimulator.platform/Developer/SDKs/iPhoneSimulator7.1.sdk/System/Library/PrivateFrameworks/AccessibilityUtilities.framework/AccessibilityUtilities and /Applications/Xcode.app/Contents/Developer/Platforms/iPhoneSimulator.platform/Developer/SDKs/iPhoneSimulator7.1.sdk/usr/lib/libAXSpeechManager.dylib. One of the two will be used. Which one is undefined.
2014-03-24 15:51:55.455 iosSQLite[5082:70b] Cannot find executable for CFBundle 0xa86d350 </Applications/Xcode.app/Contents/Developer/Platforms/iPhoneSimulator.platform/Developer/SDKs/iPhoneSimulator7.1.sdk/System/Library/AccessibilityBundles/CertUIFramework.axbundle> (not loaded)
2014-03-24 15:51:55.460 iosSQLite[5082:70b] Cannot find executable for CFBundle 0xa9702f0 </Applications/Xcode.app/Contents/Developer/Platforms/iPhoneSimulator.platform/Developer/SDKs/iPhoneSimulator7.1.sdk/System/Library/AccessibilityBundles/GeoServices.axbundle> (not loaded)
2014-03-24 15:51:55.489 iosSQLite[5082:70b] Multi-tasking -> Device: YES, App: YES
2014-03-24 15:51:55.495 iosSQLite[5082:70b] Unlimited access to network resources
2014-03-24 15:51:55.595 iosSQLite[5082:70b] Resetting plugins due to page load.
2014-03-24 15:51:55.687 iosSQLite[5082:70b] Finished load of: file:///Users/HeyImNathan/Library/Application%20Support/iPhone%20Simulator/7.1/Applications/93C64995-E503-464D-A5D4-763A5A035078/iosSQLite.app/www/index.html
objc[5537]: Class AXEmojiUtilities is implemented in both /Applications/Xcode.app/Contents/Developer/Platforms/iPhoneSimulator.platform/Developer/SDKs/iPhoneSimulator7.1.sdk/System/Library/PrivateFrameworks/AccessibilityUtilities.framework/AccessibilityUtilities and /Applications/Xcode.app/Contents/Developer/Platforms/iPhoneSimulator.platform/Developer/SDKs/iPhoneSimulator7.1.sdk/usr/lib/libAXSpeechManager.dylib. One of the two will be used. Which one is undefined.
2014-03-24 16:03:46.813 iosSQLite[5537:70b] Cannot find executable for CFBundle 0xa76c840 </Applications/Xcode.app/Contents/Developer/Platforms/iPhoneSimulator.platform/Developer/SDKs/iPhoneSimulator7.1.sdk/System/Library/AccessibilityBundles/GeoServices.axbundle> (not loaded)
2014-03-24 16:03:46.821 iosSQLite[5537:70b] Cannot find executable for CFBundle 0xa79d490 </Applications/Xcode.app/Contents/Developer/Platforms/iPhoneSimulator.platform/Developer/SDKs/iPhoneSimulator7.1.sdk/System/Library/AccessibilityBundles/CertUIFramework.axbundle> (not loaded)
2014-03-24 16:03:46.858 iosSQLite[5537:70b] Multi-tasking -> Device: YES, App: YES
2014-03-24 16:03:46.863 iosSQLite[5537:70b] Unlimited access to network resources
2014-03-24 16:03:46.996 iosSQLite[5537:70b] Resetting plugins due to page load.
2014-03-24 16:03:47.197 iosSQLite[5537:70b] Finished load of: file:///Users/HeyImNathan/Library/Application%20Support/iPhone%20Simulator/7.1/Applications/93C64995-E503-464D-A5D4-763A5A035078/iosSQLite.app/www/index.html
objc[5658]: Class AXEmojiUtilities is implemented in both /Applications/Xcode.app/Contents/Developer/Platforms/iPhoneSimulator.platform/Developer/SDKs/iPhoneSimulator7.1.sdk/System/Library/PrivateFrameworks/AccessibilityUtilities.framework/AccessibilityUtilities and /Applications/Xcode.app/Contents/Developer/Platforms/iPhoneSimulator.platform/Developer/SDKs/iPhoneSimulator7.1.sdk/usr/lib/libAXSpeechManager.dylib. One of the two will be used. Which one is undefined.
2014-03-24 16:05:03.648 iosSQLite[5658:70b] Cannot find executable for CFBundle 0xa664c80 </Applications/Xcode.app/Contents/Developer/Platforms/iPhoneSimulator.platform/Developer/SDKs/iPhoneSimulator7.1.sdk/System/Library/AccessibilityBundles/GeoServices.axbundle> (not loaded)
2014-03-24 16:05:03.656 iosSQLite[5658:70b] Cannot find executable for CFBundle 0xa988d40 </Applications/Xcode.app/Contents/Developer/Platforms/iPhoneSimulator.platform/Developer/SDKs/iPhoneSimulator7.1.sdk/System/Library/AccessibilityBundles/CertUIFramework.axbundle> (not loaded)
2014-03-24 16:05:03.683 iosSQLite[5658:70b] Multi-tasking -> Device: YES, App: YES
2014-03-24 16:05:03.689 iosSQLite[5658:70b] Unlimited access to network resources
2014-03-24 16:05:03.792 iosSQLite[5658:70b] Resetting plugins due to page load.
2014-03-24 16:05:03.880 iosSQLite[5658:70b] Finished load of: file:///Users/HeyImNathan/Library/Application%20Support/iPhone%20Simulator/7.1/Applications/93C64995-E503-464D-A5D4-763A5A035078/iosSQLite.app/www/index.html
objc[7082]: Class AXEmojiUtilities is implemented in both /Applications/Xcode.app/Contents/Developer/Platforms/iPhoneSimulator.platform/Developer/SDKs/iPhoneSimulator7.1.sdk/System/Library/PrivateFrameworks/AccessibilityUtilities.framework/AccessibilityUtilities and /Applications/Xcode.app/Contents/Developer/Platforms/iPhoneSimulator.platform/Developer/SDKs/iPhoneSimulator7.1.sdk/usr/lib/libAXSpeechManager.dylib. One of the two will be used. Which one is undefined.
2014-03-24 16:58:08.076 iosSQLite[7082:70b] Cannot find executable for CFBundle 0xa766f20 </Applications/Xcode.app/Contents/Developer/Platforms/iPhoneSimulator.platform/Developer/SDKs/iPhoneSimulator7.1.sdk/System/Library/AccessibilityBundles/GeoServices.axbundle> (not loaded)
2014-03-24 16:58:08.084 iosSQLite[7082:70b] Cannot find executable for CFBundle 0xa871f70 </Applications/Xcode.app/Contents/Developer/Platforms/iPhoneSimulator.platform/Developer/SDKs/iPhoneSimulator7.1.sdk/System/Library/AccessibilityBundles/CertUIFramework.axbundle> (not loaded)
2014-03-24 16:58:08.125 iosSQLite[7082:70b] Multi-tasking -> Device: YES, App: YES
2014-03-24 16:58:08.133 iosSQLite[7082:70b] Unlimited access to network resources
2014-03-24 16:58:08.233 iosSQLite[7082:70b] Resetting plugins due to page load.
2014-03-24 16:58:08.393 iosSQLite[7082:70b] Finished load of: file:///Users/HeyImNathan/Library/Application%20Support/iPhone%20Simulator/7.1/Applications/93C64995-E503-464D-A5D4-763A5A035078/iosSQLite.app/www/index.html
objc[3129]: Class AXEmojiUtilities is implemented in both /Applications/Xcode.app/Contents/Developer/Platforms/iPhoneSimulator.platform/Developer/SDKs/iPhoneSimulator7.1.sdk/System/Library/PrivateFrameworks/AccessibilityUtilities.framework/AccessibilityUtilities and /Applications/Xcode.app/Contents/Developer/Platforms/iPhoneSimulator.platform/Developer/SDKs/iPhoneSimulator7.1.sdk/usr/lib/libAXSpeechManager.dylib. One of the two will be used. Which one is undefined.
2014-03-25 16:24:01.789 iosSQLite[3129:70b] Cannot find executable for CFBundle 0xa569cd0 </Applications/Xcode.app/Contents/Developer/Platforms/iPhoneSimulator.platform/Developer/SDKs/iPhoneSimulator7.1.sdk/System/Library/AccessibilityBundles/GeoServices.axbundle> (not loaded)
2014-03-25 16:24:01.795 iosSQLite[3129:70b] Cannot find executable for CFBundle 0xa370310 </Applications/Xcode.app/Contents/Developer/Platforms/iPhoneSimulator.platform/Developer/SDKs/iPhoneSimulator7.1.sdk/System/Library/AccessibilityBundles/CertUIFramework.axbundle> (not loaded)
2014-03-25 16:24:01.843 iosSQLite[3129:70b] Multi-tasking -> Device: YES, App: YES
2014-03-25 16:24:01.851 iosSQLite[3129:70b] Unlimited access to network resources
2014-03-25 16:24:01.956 iosSQLite[3129:70b] Resetting plugins due to page load.
2014-03-25 16:24:02.142 iosSQLite[3129:70b] Finished load of: file:///Users/HeyImNathan/Library/Application%20Support/iPhone%20Simulator/7.1/Applications/93C64995-E503-464D-A5D4-763A5A035078/iosSQLite.app/www/index.html
objc[3799]: Class AXEmojiUtilities is implemented in both /Applications/Xcode.app/Contents/Developer/Platforms/iPhoneSimulator.platform/Developer/SDKs/iPhoneSimulator7.1.sdk/System/Library/PrivateFrameworks/AccessibilityUtilities.framework/AccessibilityUtilities and /Applications/Xcode.app/Contents/Developer/Platforms/iPhoneSimulator.platform/Developer/SDKs/iPhoneSimulator7.1.sdk/usr/lib/libAXSpeechManager.dylib. One of the two will be used. Which one is undefined.
2014-03-25 16:39:29.328 iosSQLite[3799:70b] Cannot find executable for CFBundle 0xa46d360 </Applications/Xcode.app/Contents/Developer/Platforms/iPhoneSimulator.platform/Developer/SDKs/iPhoneSimulator7.1.sdk/System/Library/AccessibilityBundles/CertUIFramework.axbundle> (not loaded)
2014-03-25 16:39:29.336 iosSQLite[3799:70b] Cannot find executable for CFBundle 0xb16cee0 </Applications/Xcode.app/Contents/Developer/Platforms/iPhoneSimulator.platform/Developer/SDKs/iPhoneSimulator7.1.sdk/System/Library/AccessibilityBundles/GeoServices.axbundle> (not loaded)
2014-03-25 16:39:29.364 iosSQLite[3799:70b] Multi-tasking -> Device: YES, App: YES
2014-03-25 16:39:29.370 iosSQLite[3799:70b] Unlimited access to network resources
2014-03-25 16:39:29.374 iosSQLite[3799:70b] Fix applied for database locations?: YES
2014-03-25 16:39:29.484 iosSQLite[3799:70b] Resetting plugins due to page load.
2014-03-25 16:39:29.582 iosSQLite[3799:70b] Finished load of: file:///Users/HeyImNathan/Library/Application%20Support/iPhone%20Simulator/7.1/Applications/B83E5B52-61DE-4C84-9F28-4786A5F1C388/iosSQLite.app/www/index.html
objc[3939]: Class AXEmojiUtilities is implemented in both /Applications/Xcode.app/Contents/Developer/Platforms/iPhoneSimulator.platform/Developer/SDKs/iPhoneSimulator7.1.sdk/System/Library/PrivateFrameworks/AccessibilityUtilities.framework/AccessibilityUtilities and /Applications/Xcode.app/Contents/Developer/Platforms/iPhoneSimulator.platform/Developer/SDKs/iPhoneSimulator7.1.sdk/usr/lib/libAXSpeechManager.dylib. One of the two will be used. Which one is undefined.
2014-03-25 16:41:00.423 iosSQLite[3939:70b] Cannot find executable for CFBundle 0xa812230 </Applications/Xcode.app/Contents/Developer/Platforms/iPhoneSimulator.platform/Developer/SDKs/iPhoneSimulator7.1.sdk/System/Library/AccessibilityBundles/GeoServices.axbundle> (not loaded)
2014-03-25 16:41:00.429 iosSQLite[3939:70b] Cannot find executable for CFBundle 0xa54fcf0 </Applications/Xcode.app/Contents/Developer/Platforms/iPhoneSimulator.platform/Developer/SDKs/iPhoneSimulator7.1.sdk/System/Library/AccessibilityBundles/CertUIFramework.axbundle> (not loaded)
2014-03-25 16:41:00.461 iosSQLite[3939:70b] Multi-tasking -> Device: YES, App: YES
2014-03-25 16:41:00.468 iosSQLite[3939:70b] Unlimited access to network resources
2014-03-25 16:41:00.582 iosSQLite[3939:70b] Resetting plugins due to page load.
2014-03-25 16:41:00.808 iosSQLite[3939:70b] Finished load of: file:///Users/HeyImNathan/Library/Application%20Support/iPhone%20Simulator/7.1/Applications/B83E5B52-61DE-4C84-9F28-4786A5F1C388/iosSQLite.app/www/index.html
objc[4071]: Class AXEmojiUtilities is implemented in both /Applications/Xcode.app/Contents/Developer/Platforms/iPhoneSimulator.platform/Developer/SDKs/iPhoneSimulator7.1.sdk/System/Library/PrivateFrameworks/AccessibilityUtilities.framework/AccessibilityUtilities and /Applications/Xcode.app/Contents/Developer/Platforms/iPhoneSimulator.platform/Developer/SDKs/iPhoneSimulator7.1.sdk/usr/lib/libAXSpeechManager.dylib. One of the two will be used. Which one is undefined.
2014-03-25 16:43:29.779 iosSQLite[4071:70b] Cannot find executable for CFBundle 0xa2873d0 </Applications/Xcode.app/Contents/Developer/Platforms/iPhoneSimulator.platform/Developer/SDKs/iPhoneSimulator7.1.sdk/System/Library/AccessibilityBundles/GeoServices.axbundle> (not loaded)
2014-03-25 16:43:29.787 iosSQLite[4071:70b] Cannot find executable for CFBundle 0xa8e3400 </Applications/Xcode.app/Contents/Developer/Platforms/iPhoneSimulator.platform/Developer/SDKs/iPhoneSimulator7.1.sdk/System/Library/AccessibilityBundles/CertUIFramework.axbundle> (not loaded)
2014-03-25 16:43:29.815 iosSQLite[4071:70b] Multi-tasking -> Device: YES, App: YES
2014-03-25 16:43:29.820 iosSQLite[4071:70b] Unlimited access to network resources
2014-03-25 16:43:29.930 iosSQLite[4071:70b] Resetting plugins due to page load.
2014-03-25 16:43:30.021 iosSQLite[4071:70b] Finished load of: file:///Users/HeyImNathan/Library/Application%20Support/iPhone%20Simulator/7.1/Applications/B83E5B52-61DE-4C84-9F28-4786A5F1C388/iosSQLite.app/www/index.html
objc[2133]: Class AXEmojiUtilities is implemented in both /Applications/Xcode.app/Contents/Developer/Platforms/iPhoneSimulator.platform/Developer/SDKs/iPhoneSimulator7.1.sdk/System/Library/PrivateFrameworks/AccessibilityUtilities.framework/AccessibilityUtilities and /Applications/Xcode.app/Contents/Developer/Platforms/iPhoneSimulator.platform/Developer/SDKs/iPhoneSimulator7.1.sdk/usr/lib/libAXSpeechManager.dylib. One of the two will be used. Which one is undefined.
2014-03-26 16:12:15.148 iosSQLite[2133:70b] Cannot find executable for CFBundle 0xa5695b0 </Applications/Xcode.app/Contents/Developer/Platforms/iPhoneSimulator.platform/Developer/SDKs/iPhoneSimulator7.1.sdk/System/Library/AccessibilityBundles/GeoServices.axbundle> (not loaded)
2014-03-26 16:12:15.153 iosSQLite[2133:70b] Cannot find executable for CFBundle 0xa679b50 </Applications/Xcode.app/Contents/Developer/Platforms/iPhoneSimulator.platform/Developer/SDKs/iPhoneSimulator7.1.sdk/System/Library/AccessibilityBundles/CertUIFramework.axbundle> (not loaded)
2014-03-26 16:12:15.204 iosSQLite[2133:70b] Multi-tasking -> Device: YES, App: YES
2014-03-26 16:12:15.211 iosSQLite[2133:70b] Unlimited access to network resources
2014-03-26 16:12:15.308 iosSQLite[2133:70b] Resetting plugins due to page load.
2014-03-26 16:12:15.449 iosSQLite[2133:70b] Finished load of: file:///Users/HeyImNathan/Library/Application%20Support/iPhone%20Simulator/7.1/Applications/B83E5B52-61DE-4C84-9F28-4786A5F1C388/iosSQLite.app/www/index.html
objc[3906]: Class AXEmojiUtilities is implemented in both /Applications/Xcode.app/Contents/Developer/Platforms/iPhoneSimulator.platform/Developer/SDKs/iPhoneSimulator7.1.sdk/System/Library/PrivateFrameworks/AccessibilityUtilities.framework/AccessibilityUtilities and /Applications/Xcode.app/Contents/Developer/Platforms/iPhoneSimulator.platform/Developer/SDKs/iPhoneSimulator7.1.sdk/usr/lib/libAXSpeechManager.dylib. One of the two will be used. Which one is undefined.
2014-03-26 17:28:04.064 iosSQLite[3906:70b] Cannot find executable for CFBundle 0xa47b860 </Applications/Xcode.app/Contents/Developer/Platforms/iPhoneSimulator.platform/Developer/SDKs/iPhoneSimulator7.1.sdk/System/Library/AccessibilityBundles/CertUIFramework.axbundle> (not loaded)
2014-03-26 17:28:04.072 iosSQLite[3906:70b] Cannot find executable for CFBundle 0xa6689d0 </Applications/Xcode.app/Contents/Developer/Platforms/iPhoneSimulator.platform/Developer/SDKs/iPhoneSimulator7.1.sdk/System/Library/AccessibilityBundles/GeoServices.axbundle> (not loaded)
2014-03-26 17:28:04.117 iosSQLite[3906:70b] Multi-tasking -> Device: YES, App: YES
2014-03-26 17:28:04.122 iosSQLite[3906:70b] Unlimited access to network resources
2014-03-26 17:28:04.221 iosSQLite[3906:70b] Resetting plugins due to page load.
2014-03-26 17:28:04.362 iosSQLite[3906:70b] Finished load of: file:///Users/HeyImNathan/Library/Application%20Support/iPhone%20Simulator/7.1/Applications/B83E5B52-61DE-4C84-9F28-4786A5F1C388/iosSQLite.app/www/index.html
objc[4027]: Class AXEmojiUtilities is implemented in both /Applications/Xcode.app/Contents/Developer/Platforms/iPhoneSimulator.platform/Developer/SDKs/iPhoneSimulator7.1.sdk/System/Library/PrivateFrameworks/AccessibilityUtilities.framework/AccessibilityUtilities and /Applications/Xcode.app/Contents/Developer/Platforms/iPhoneSimulator.platform/Developer/SDKs/iPhoneSimulator7.1.sdk/usr/lib/libAXSpeechManager.dylib. One of the two will be used. Which one is undefined.
2014-03-26 17:29:12.704 iosSQLite[4027:70b] Cannot find executable for CFBundle 0xa4c1f30 </Applications/Xcode.app/Contents/Developer/Platforms/iPhoneSimulator.platform/Developer/SDKs/iPhoneSimulator7.1.sdk/System/Library/AccessibilityBundles/CertUIFramework.axbundle> (not loaded)
2014-03-26 17:29:12.709 iosSQLite[4027:70b] Cannot find executable for CFBundle 0xa4ddec0 </Applications/Xcode.app/Contents/Developer/Platforms/iPhoneSimulator.platform/Developer/SDKs/iPhoneSimulator7.1.sdk/System/Library/AccessibilityBundles/GeoServices.axbundle> (not loaded)
2014-03-26 17:29:12.739 iosSQLite[4027:70b] Multi-tasking -> Device: YES, App: YES
2014-03-26 17:29:12.746 iosSQLite[4027:70b] Unlimited access to network resources
2014-03-26 17:29:12.856 iosSQLite[4027:70b] Resetting plugins due to page load.
2014-03-26 17:29:12.956 iosSQLite[4027:70b] Finished load of: file:///Users/HeyImNathan/Library/Application%20Support/iPhone%20Simulator/7.1/Applications/B83E5B52-61DE-4C84-9F28-4786A5F1C388/iosSQLite.app/www/index.html
objc[1631]: Class AXEmojiUtilities is implemented in both /Applications/Xcode.app/Contents/Developer/Platforms/iPhoneSimulator.platform/Developer/SDKs/iPhoneSimulator7.1.sdk/System/Library/PrivateFrameworks/AccessibilityUtilities.framework/AccessibilityUtilities and /Applications/Xcode.app/Contents/Developer/Platforms/iPhoneSimulator.platform/Developer/SDKs/iPhoneSimulator7.1.sdk/usr/lib/libAXSpeechManager.dylib. One of the two will be used. Which one is undefined.
2014-03-27 15:16:44.535 iosSQLite[1631:70b] Cannot find executable for CFBundle 0xa89e490 </Applications/Xcode.app/Contents/Developer/Platforms/iPhoneSimulator.platform/Developer/SDKs/iPhoneSimulator7.1.sdk/System/Library/AccessibilityBundles/GeoServices.axbundle> (not loaded)
2014-03-27 15:16:44.541 iosSQLite[1631:70b] Cannot find executable for CFBundle 0xa36e830 </Applications/Xcode.app/Contents/Developer/Platforms/iPhoneSimulator.platform/Developer/SDKs/iPhoneSimulator7.1.sdk/System/Library/AccessibilityBundles/CertUIFramework.axbundle> (not loaded)
2014-03-27 15:16:44.594 iosSQLite[1631:70b] Multi-tasking -> Device: YES, App: YES
2014-03-27 15:16:44.600 iosSQLite[1631:70b] Unlimited access to network resources
2014-03-27 15:16:44.716 iosSQLite[1631:70b] Resetting plugins due to page load.
2014-03-27 15:16:44.852 iosSQLite[1631:70b] Finished load of: file:///Users/HeyImNathan/Library/Application%20Support/iPhone%20Simulator/7.1/Applications/B83E5B52-61DE-4C84-9F28-4786A5F1C388/iosSQLite.app/www/index.html
